Dictionaries have been constructed in module mpg_dicts


=============
Header Report
=============

Header Sections: ['groups', 'symm', 'vector', 'tensor']
------------------------------------------------------------
groups:
------------------------------------------------------------
                                      Number                
                                      Name                  
                                      Order                 
                        Jahn symbol   Type                  
------------------------------------------------------------
symm:
------------------------------------------------------------
  Has P                               
  Has T                               
  Has PT                              
  Has P*R                             R = simple proper rot 
  Has T*R                             
  Has PT*R                            
------------------------------------------------------------
vector:
------------------------------------------------------------
  Polar                 V             
  Ferro- magnetic       aeV           
  Ferro- rotational     eV            
  Ferro- toroidal       aV            
------------------------------------------------------------
tensor:
------------------------------------------------------------
  Piezomag              ae[V2]V       & Lin mag- resistance 
  Nat Optical Activ     {V2}V         
  Gyro birefring        a[V2]V        
  Ordinary Hall         e{V2}V        & Ordinary Faraday    
  Spont Hall            a{V2}         & Spont Faraday       
  Spont Ettings- hausen aV2           
------------------------------------------------------------

====================
Building Spreadsheet
====================

  Finished Jahn V
  Finished Jahn aeV
  Finished Jahn eV
  Finished Jahn aV
  Finished Jahn ae[V2]V
  Finished Jahn {V2}V
  Finished Jahn a[V2]V
  Finished Jahn e{V2}V
  Finished Jahn a{V2}
  Finished Jahn aV2

================
Writing CSV File
================

Numerical CSV file mpg_exten.csv has been written

